1670418665618	geckodriver	INFO	Listening on 127.0.0.1:54798
1670418668661	mozrunner::runner	INFO	Running command: "C:\\Program Files\\Mozilla Firefox\\firefox.exe" "--marionette" "--remote-debugging-port" "54799" "--remote-allow-hosts" "localhost" "-no-remote" "-profile" "C:\\Users\\gonec\\AppData\\Local\\Temp\\rust_mozprofilessvu9A"
1670418669044	Marionette	INFO	Marionette enabled
1670418669049	Marionette	INFO	Listening on port 54811
Read port: 54811
WebDriver BiDi listening on ws://127.0.0.1:54799
1670418670028	RemoteAgent	WARN	TLS certificate errors will be ignored for this session
console.warn: SearchSettings: "get: No settings file exists, new profile?" (new NotFoundError("Could not open the file at C:\\Users\\gonec\\AppData\\Local\\Temp\\rust_mozprofilessvu9A\\search.json.mozlz4", (void 0)))
DevTools listening on ws://127.0.0.1:54799/devtools/browser/242036ea-1fb5-4237-8ec6-3eb818191037
console.warn: LoginRecipes: "Falling back to a synchronous message for: https://dream.ai."
console.warn: LoginRecipes: "Falling back to a synchronous message for: https://dream.ai."
1670418749435	Marionette	INFO	Stopped listening on port 54811
console.warn: TopSitesFeed: Failed to fetch data from Contile server: NetworkError when attempting to fetch resource.
remote-debugging-port" "54923" "--remote-allow-hosts" "localhost" "-no-remote" "-profile" "C:\\Users\\gonec\\AppData\\Local\\Temp\\rust_mozprofilerzvtl2"
1670418748305	Marionette	INFO	Marionette enabled
1670418748309	Marionette	INFO	Listening on port 54933
Read port: 54933
WebDriver BiDi listening on ws://127.0.0.1:54923
1670418748386	RemoteAgent	WARN	TLS certificate errors will be ignored for this session
console.warn: SearchSettings: "get: No settings file exists, new profile?" (new NotFoundError("Could not open the file at C:\\Users\\gonec\\AppData\\Local\\Temp\\rust_mozprofilerzvtl2\\search.json.mozlz4", (void 0)))
DevTools listening on ws://127.0.0.1:54923/devtools/browser/09d1c99d-3952-495d-a975-4d35414351a7
1670418777726	Marionette	INFO	Stopped listening on port 54933
1670418791025	geckodriver	INFO	Listening on 127.0.0.1:55004
1670418794076	mozrunner::runner	INFO	Running command: "C:\\Program Files\\Mozilla Firefox\\firefox.exe" "--marionette" "--remote-debugging-port" "55005" "--remote-allow-hosts" "localhost" "-no-remote" "-profile" "C:\\Users\\gonec\\AppData\\Local\\Temp\\rust_mozprofilewN0I9P"
1670418794366	Marionette	INFO	Marionette enabled
1670418794370	Marionette	INFO	Listening on port 55014
Read port: 55014
WebDriver BiDi listening on ws://127.0.0.1:55005
1670418794496	RemoteAgent	WARN	TLS certificate errors will be ignored for this session
console.warn: SearchSettings: "get: No settings file exists, new profile?" (new NotFoundError("Could not open the file at C:\\Users\\gonec\\AppData\\Local\\Temp\\rust_mozprofilewN0I9P\\search.json.mozlz4", (void 0)))
DevTools listening on ws://127.0.0.1:55005/devtools/browser/ab68a8d4-580e-431a-9e81-673d50622431
1670418886510	Marionette	INFO	Stopped listening on port 55014
console.warn: TopSitesFeed: Failed to fetch data from Contile server: NetworkError when attempting to fetch resource.
remote-debugging-port" "55297" "--remote-allow-hosts" "localhost" "-no-remote" "-profile" "C:\\Users\\gonec\\AppData\\Local\\Temp\\rust_mozprofilel3Rf1n"
1670418884641	Marionette	INFO	Marionette enabled
1670418884645	Marionette	INFO	Listening on port 55309
WebDriver BiDi listening on ws://127.0.0.1:55297
Read port: 55309
1670418884829	RemoteAgent	WARN	TLS certificate errors will be ignored for this session
console.warn: SearchSettings: "get: No settings file exists, new profile?" (new NotFoundError("Could not open the file at C:\\Users\\gonec\\AppData\\Local\\Temp\\rust_mozprofilel3Rf1n\\search.json.mozlz4", (void 0)))
DevTools listening on ws://127.0.0.1:55297/devtools/browser/a71bcbae-09a8-413f-a790-88211bf00bc1
JavaScript error: , line 0: NotFoundError: No such JSWindowActor 'DevToolsFrame'
JavaScript error: resource://gre/modules/AsyncShutdown.jsm, line 574: NotFoundError: No such JSWindowActor 'DevToolsFrame'
1670418927409	Marionette	INFO	Stopped listening on port 55309
1670418932223	geckodriver	INFO	Listening on 127.0.0.1:55372
1670418935286	mozrunner::runner	INFO	Running command: "C:\\Program Files\\Mozilla Firefox\\firefox.exe" "--marionette" "--remote-debugging-port" "55373" "--remote-allow-hosts" "localhost" "-no-remote" "-profile" "C:\\Users\\gonec\\AppData\\Local\\Temp\\rust_mozprofilec8XLRn"
1670418935561	Marionette	INFO	Marionette enabled
1670418935565	Marionette	INFO	Listening on port 55382
WebDriver BiDi listening on ws://127.0.0.1:55373
Read port: 55382
1670418935759	RemoteAgent	WARN	TLS certificate errors will be ignored for this session
console.warn: SearchSettings: "get: No settings file exists, new profile?" (new NotFoundError("Could not open the file at C:\\Users\\gonec\\AppData\\Local\\Temp\\rust_mozprofilec8XLRn\\search.json.mozlz4", (void 0)))
DevTools listening on ws://127.0.0.1:55373/devtools/browser/6167c342-404d-402b-b390-567afd145e2c
JavaScript error: resource://gre/modules/AsyncShutdown.jsm, line 574: NotFoundError: No such JSWindowActor 'DevToolsFrame'
1670419460193	Marionette	INFO	Stopped listening on port 55382
e-debugging-port" "55603" "--remote-allow-hosts" "localhost" "-no-remote" "-profile" "C:\\Users\\gonec\\AppData\\Local\\Temp\\rust_mozprofilemmw753"
1670419071342	Marionette	INFO	Marionette enabled
1670419071346	Marionette	INFO	Listening on port 55614
Read port: 55614
WebDriver BiDi listening on ws://127.0.0.1:55603
1670419071424	RemoteAgent	WARN	TLS certificate errors will be ignored for this session
console.warn: SearchSettings: "get: No settings file exists, new profile?" (new NotFoundError("Could not open the file at C:\\Users\\gonec\\AppData\\Local\\Temp\\rust_mozprofilemmw753\\search.json.mozlz4", (void 0)))
DevTools listening on ws://127.0.0.1:55603/devtools/browser/7085a891-ee60-4211-9754-40fde0830649
JavaScript error: resource://gre/modules/AsyncShutdown.jsm, line 574: NotFoundError: No such JSWindowActor 'DevToolsFrame'
1670419462367	Marionette	INFO	Stopped listening on port 55614
e-debugging-port" "64475" "--remote-allow-hosts" "localhost" "-no-remote" "-profile" "C:\\Users\\gonec\\AppData\\Local\\Temp\\rust_mozprofile9JkVMi"
1670419347679	Marionette	INFO	Marionette enabled
1670419347683	Marionette	INFO	Listening on port 64485
Read port: 64485
WebDriver BiDi listening on ws://127.0.0.1:64475
1670419347821	RemoteAgent	WARN	TLS certificate errors will be ignored for this session
console.warn: SearchSettings: "get: No settings file exists, new profile?" (new NotFoundError("Could not open the file at C:\\Users\\gonec\\AppData\\Local\\Temp\\rust_mozprofile9JkVMi\\search.json.mozlz4", (void 0)))
DevTools listening on ws://127.0.0.1:64475/devtools/browser/80660871-a4ae-4f3c-9b2f-fa4f05f17aa7
1670419465987	Marionette	INFO	Stopped listening on port 64485
console.warn: TopSitesFeed: Failed to fetch data from Contile server: NetworkError when attempting to fetch resource.
remote-debugging-port" "64559" "--remote-allow-hosts" "localhost" "-no-remote" "-profile" "C:\\Users\\gonec\\AppData\\Local\\Temp\\rust_mozprofile9btAgW"
1670419394507	Marionette	INFO	Marionette enabled
1670419394512	Marionette	INFO	Listening on port 64568
WebDriver BiDi listening on ws://127.0.0.1:64559
Read port: 64568
1670419394696	RemoteAgent	WARN	TLS certificate errors will be ignored for this session
console.warn: SearchSettings: "get: No settings file exists, new profile?" (new NotFoundError("Could not open the file at C:\\Users\\gonec\\AppData\\Local\\Temp\\rust_mozprofile9btAgW\\search.json.mozlz4", (void 0)))
DevTools listening on ws://127.0.0.1:64559/devtools/browser/375c3818-86b9-4676-842f-4815426b5582
JavaScript error: resource://gre/modules/AsyncShutdown.jsm, line 574: NotFoundError: No such JSWindowActor 'DevToolsFrame'
1670419467048	Marionette	INFO	Stopped listening on port 64568
e-debugging-port" "64645" "--remote-allow-hosts" "localhost" "-no-remote" "-profile" "C:\\Users\\gonec\\AppData\\Local\\Temp\\rust_mozprofilerhIVvr"
1670419450968	Marionette	INFO	Marionette enabled
1670419450972	Marionette	INFO	Listening on port 64654
Read port: 64654
WebDriver BiDi listening on ws://127.0.0.1:64645
1670419451042	RemoteAgent	WARN	TLS certificate errors will be ignored for this session
console.warn: SearchSettings: "get: No settings file exists, new profile?" (new NotFoundError("Could not open the file at C:\\Users\\gonec\\AppData\\Local\\Temp\\rust_mozprofilerhIVvr\\search.json.mozlz4", (void 0)))
DevTools listening on ws://127.0.0.1:64645/devtools/browser/090796eb-ddf3-467d-b8e8-31de030303aa
1670419462943	Marionette	INFO	Stopped listening on port 64654
console.warn: TopSitesFeed: Failed to fetch data from Contile server: NetworkError when attempting to fetch resource.
1670419496758	geckodriver	INFO	Listening on 127.0.0.1:64994
1670419499809	mozrunner::runner	INFO	Running command: "C:\\Program Files\\Mozilla Firefox\\firefox.exe" "--marionette" "--remote-debugging-port" "64995" "--remote-allow-hosts" "localhost" "-no-remote" "-profile" "C:\\Users\\gonec\\AppData\\Local\\Temp\\rust_mozprofileMjUIJN"
1670419500101	Marionette	INFO	Marionette enabled
1670419500104	Marionette	INFO	Listening on port 65005
Read port: 65005
WebDriver BiDi listening on ws://127.0.0.1:64995
1670419500172	RemoteAgent	WARN	TLS certificate errors will be ignored for this session
console.warn: SearchSettings: "get: No settings file exists, new profile?" (new NotFoundError("Could not open the file at C:\\Users\\gonec\\AppData\\Local\\Temp\\rust_mozprofileMjUIJN\\search.json.mozlz4", (void 0)))
DevTools listening on ws://127.0.0.1:64995/devtools/browser/1f48515d-c51d-4a52-8df2-390c6b5c716f
1670419601029	Marionette	INFO	Stopped listening on port 65005
console.warn: TopSitesFeed: Failed to fetch data from Contile server: NetworkError when attempting to fetch resource.
1670419602669	geckodriver	INFO	Listening on 127.0.0.1:65091
1670419605713	mozrunner::runner	INFO	Running command: "C:\\Program Files\\Mozilla Firefox\\firefox.exe" "--marionette" "--remote-debugging-port" "65092" "--remote-allow-hosts" "localhost" "-no-remote" "-profile" "C:\\Users\\gonec\\AppData\\Local\\Temp\\rust_mozprofileK9NtqL"
1670419605977	Marionette	INFO	Marionette enabled
1670419605981	Marionette	INFO	Listening on port 65101
WebDriver BiDi listening on ws://127.0.0.1:65092
Read port: 65101
1670419606160	RemoteAgent	WARN	TLS certificate errors will be ignored for this session
console.warn: SearchSettings: "get: No settings file exists, new profile?" (new NotFoundError("Could not open the file at C:\\Users\\gonec\\AppData\\Local\\Temp\\rust_mozprofileK9NtqL\\search.json.mozlz4", (void 0)))
DevTools listening on ws://127.0.0.1:65092/devtools/browser/d5c4408f-79e8-47fa-8576-37d770a76ea8
JavaScript error: resource://gre/modules/AsyncShutdown.jsm, line 574: NotFoundError: No such JSWindowActor 'DevToolsFrame'
1670419667801	Marionette	INFO	Stopped listening on port 65101
1670419670804	geckodriver	INFO	Listening on 127.0.0.1:65193
1670419673870	mozrunner::runner	INFO	Running command: "C:\\Program Files\\Mozilla Firefox\\firefox.exe" "--marionette" "--remote-debugging-port" "65194" "--remote-allow-hosts" "localhost" "-no-remote" "-profile" "C:\\Users\\gonec\\AppData\\Local\\Temp\\rust_mozprofiles968ew"
1670419674140	Marionette	INFO	Marionette enabled
1670419674144	Marionette	INFO	Listening on port 65207
WebDriver BiDi listening on ws://127.0.0.1:65194
Read port: 65207
1670419674340	RemoteAgent	WARN	TLS certificate errors will be ignored for this session
console.warn: SearchSettings: "get: No settings file exists, new profile?" (new NotFoundError("Could not open the file at C:\\Users\\gonec\\AppData\\Local\\Temp\\rust_mozprofiles968ew\\search.json.mozlz4", (void 0)))
DevTools listening on ws://127.0.0.1:65194/devtools/browser/ab85a8ff-c0a1-49a1-a21b-6bae29244c51
1670419699108	Marionette	INFO	Stopped listening on port 65207
console.warn: TopSitesFeed: Failed to fetch data from Contile server: NetworkError when attempting to fetch resource.
1670419700805	geckodriver	INFO	Listening on 127.0.0.1:65262
1670419703886	mozrunner::runner	INFO	Running command: "C:\\Program Files\\Mozilla Firefox\\firefox.exe" "--marionette" "--remote-debugging-port" "65263" "--remote-allow-hosts" "localhost" "-no-remote" "-profile" "C:\\Users\\gonec\\AppData\\Local\\Temp\\rust_mozprofileQ1vDuO"
1670419704148	Marionette	INFO	Marionette enabled
1670419704151	Marionette	INFO	Listening on port 65273
WebDriver BiDi listening on ws://127.0.0.1:65263
Read port: 65273
1670419704341	RemoteAgent	WARN	TLS certificate errors will be ignored for this session
console.warn: SearchSettings: "get: No settings file exists, new profile?" (new NotFoundError("Could not open the file at C:\\Users\\gonec\\AppData\\Local\\Temp\\rust_mozprofileQ1vDuO\\search.json.mozlz4", (void 0)))
DevTools listening on ws://127.0.0.1:65263/devtools/browser/c2f91a54-30c7-400d-83b4-9e657cb22d32
JavaScript error: resource://gre/modules/AsyncShutdown.jsm, line 574: NotFoundError: No such JSWindowActor 'DevToolsFrame'
1670419951233	Marionette	INFO	Stopped listening on port 65273
[Parent 27432, IPC I/O Parent] WARNING: file /builds/worker/checkouts/gecko/ipc/chromium/src/base/process_util_win.cc:167
p\\rust_mozprofileYmMfNX"
1670419821284	Marionette	INFO	Marionette enabled
1670419821289	Marionette	INFO	Listening on port 65406
Read port: 65406
WebDriver BiDi listening on ws://127.0.0.1:65397
1670419821358	RemoteAgent	WARN	TLS certificate errors will be ignored for this session
console.warn: SearchSettings: "get: No settings file exists, new profile?" (new NotFoundError("Could not open the file at C:\\Users\\gonec\\AppData\\Local\\Temp\\rust_mozprofileYmMfNX\\search.json.mozlz4", (void 0)))
DevTools listening on ws://127.0.0.1:65397/devtools/browser/249e4aa6-349f-4445-a606-0c5841f35e6e
JavaScript error: resource://gre/modules/AsyncShutdown.jsm, line 574: NotFoundError: No such JSWindowActor 'DevToolsFrame'
1670419952238	Marionette	INFO	Stopped listening on port 65406
e-debugging-port" "65520" "--remote-allow-hosts" "localhost" "-no-remote" "-profile" "C:\\Users\\gonec\\AppData\\Local\\Temp\\rust_mozprofileDCromE"
1670419949852	Marionette	INFO	Marionette enabled
1670419949856	Marionette	INFO	Listening on port 65529
Read port: 65529
WebDriver BiDi listening on ws://127.0.0.1:65520
1670419949926	RemoteAgent	WARN	TLS certificate errors will be ignored for this session
console.warn: SearchSettings: "get: No settings file exists, new profile?" (new NotFoundError("Could not open the file at C:\\Users\\gonec\\AppData\\Local\\Temp\\rust_mozprofileDCromE\\search.json.mozlz4", (void 0)))
DevTools listening on ws://127.0.0.1:65520/devtools/browser/03970ff2-3c8a-4c12-9d27-622d0ee5b8cd
JavaScript error: resource://gre/modules/AsyncShutdown.jsm, line 574: NotFoundError: No such JSWindowActor 'DevToolsFrame'
1670420134504	Marionette	INFO	Stopped listening on port 65529
1670420138179	geckodriver	INFO	Listening on 127.0.0.1:49292
1670420141227	mozrunner::runner	INFO	Running command: "C:\\Program Files\\Mozilla Firefox\\firefox.exe" "--marionette" "--remote-debugging-port" "49293" "--remote-allow-hosts" "localhost" "-no-remote" "-profile" "C:\\Users\\gonec\\AppData\\Local\\Temp\\rust_mozprofilevrhwKH"
1670420141496	Marionette	INFO	Marionette enabled
1670420141499	Marionette	INFO	Listening on port 49302
WebDriver BiDi listening on ws://127.0.0.1:49293
Read port: 49302
1670420141685	RemoteAgent	WARN	TLS certificate errors will be ignored for this session
console.warn: SearchSettings: "get: No settings file exists, new profile?" (new NotFoundError("Could not open the file at C:\\Users\\gonec\\AppData\\Local\\Temp\\rust_mozprofilevrhwKH\\search.json.mozlz4", (void 0)))
DevTools listening on ws://127.0.0.1:49293/devtools/browser/4a74723b-c7f2-44a4-9b1b-5cf905a3ddbb
1670420207727	Marionette	INFO	Stopped listening on port 49302
console.warn: TopSitesFeed: Failed to fetch data from Contile server: NetworkError when attempting to fetch resource.
1670420210051	geckodriver	INFO	Listening on 127.0.0.1:49383
1670420213121	mozrunner::runner	INFO	Running command: "C:\\Program Files\\Mozilla Firefox\\firefox.exe" "--marionette" "--remote-debugging-port" "49384" "--remote-allow-hosts" "localhost" "-no-remote" "-profile" "C:\\Users\\gonec\\AppData\\Local\\Temp\\rust_mozprofilec7GaAL"
1670420213386	Marionette	INFO	Marionette enabled
1670420213390	Marionette	INFO	Listening on port 49395
WebDriver BiDi listening on ws://127.0.0.1:49384
Read port: 49395
1670420213577	RemoteAgent	WARN	TLS certificate errors will be ignored for this session
console.warn: SearchSettings: "get: No settings file exists, new profile?" (new NotFoundError("Could not open the file at C:\\Users\\gonec\\AppData\\Local\\Temp\\rust_mozprofilec7GaAL\\search.json.mozlz4", (void 0)))
DevTools listening on ws://127.0.0.1:49384/devtools/browser/aec98783-2bdf-4fb4-b09d-75e7c5aff932
1670420489419	Marionette	INFO	Stopped listening on port 49395
console.warn: TopSitesFeed: Failed to fetch data from Contile server: NetworkError when attempting to fetch resource.
remote-debugging-port" "49836" "--remote-allow-hosts" "localhost" "-no-remote" "-profile" "C:\\Users\\gonec\\AppData\\Local\\Temp\\rust_mozprofileLjs0uU"
1670420487317	Marionette	INFO	Marionette enabled
1670420487321	Marionette	INFO	Listening on port 49846
WebDriver BiDi listening on ws://127.0.0.1:49836
Read port: 49846
1670420487519	RemoteAgent	WARN	TLS certificate errors will be ignored for this session
console.warn: SearchSettings: "get: No settings file exists, new profile?" (new NotFoundError("Could not open the file at C:\\Users\\gonec\\AppData\\Local\\Temp\\rust_mozprofileLjs0uU\\search.json.mozlz4", (void 0)))
DevTools listening on ws://127.0.0.1:49836/devtools/browser/215a59f4-3f8f-4538-b340-7609c28d14b8
1670420698382	Marionette	INFO	Stopped listening on port 49846
console.warn: TopSitesFeed: Failed to fetch data from Contile server: NetworkError when attempting to fetch resource.
remote-debugging-port" "49955" "--remote-allow-hosts" "localhost" "-no-remote" "-profile" "C:\\Users\\gonec\\AppData\\Local\\Temp\\rust_mozprofileA8mGj9"
1670420596818	Marionette	INFO	Marionette enabled
1670420596822	Marionette	INFO	Listening on port 49965
Read port: 49965
WebDriver BiDi listening on ws://127.0.0.1:49955
1670420596902	RemoteAgent	WARN	TLS certificate errors will be ignored for this session
console.warn: SearchSettings: "get: No settings file exists, new profile?" (new NotFoundError("Could not open the file at C:\\Users\\gonec\\AppData\\Local\\Temp\\rust_mozprofileA8mGj9\\search.json.mozlz4", (void 0)))
DevTools listening on ws://127.0.0.1:49955/devtools/browser/559f0751-0fb3-49f0-9566-01609830e48b
1670420699110	Marionette	INFO	Stopped listening on port 49965
console.warn: TopSitesFeed: Failed to fetch data from Contile server: NetworkError when attempting to fetch resource.
remote-debugging-port" "50142" "--remote-allow-hosts" "localhost" "-no-remote" "-profile" "C:\\Users\\gonec\\AppData\\Local\\Temp\\rust_mozprofileUB3ysV"
1670420699157	Marionette	INFO	Marionette enabled
1670420699161	Marionette	INFO	Listening on port 50153
WebDriver BiDi listening on ws://127.0.0.1:50142
Read port: 50153
1670420699355	RemoteAgent	WARN	TLS certificate errors will be ignored for this session
console.warn: SearchSettings: "get: No settings file exists, new profile?" (new NotFoundError("Could not open the file at C:\\Users\\gonec\\AppData\\Local\\Temp\\rust_mozprofileUB3ysV\\search.json.mozlz4", (void 0)))
DevTools listening on ws://127.0.0.1:50142/devtools/browser/827722ec-e13a-42ae-aa4d-cee854ddd3c2
1670420773573	Marionette	WARN	TimedPromise timed out after 500 ms: stacktrace:
TimedPromise/<@chrome://remote/content/marionette/sync.sys.mjs:220:24
TimedPromise@chrome://remote/content/marionette/sync.sys.mjs:205:10
interaction.flushEventLoop@chrome://remote/content/marionette/interaction.sys.mjs:425:10
webdriverClickElement@chrome://remote/content/marionette/interaction.sys.mjs:173:31
1670420785093	Marionette	WARN	TimedPromise timed out after 500 ms: stacktrace:
TimedPromise/<@chrome://remote/content/marionette/sync.sys.mjs:220:24
TimedPromise@chrome://remote/content/marionette/sync.sys.mjs:205:10
interaction.flushEventLoop@chrome://remote/content/marionette/interaction.sys.mjs:425:10
webdriverClickElement@chrome://remote/content/marionette/interaction.sys.mjs:173:31
1670420786337	Marionette	WARN	TimedPromise timed out after 500 ms: stacktrace:
TimedPromise/<@chrome://remote/content/marionette/sync.sys.mjs:220:24
TimedPromise@chrome://remote/content/marionette/sync.sys.mjs:205:10
interaction.flushEventLoop@chrome://remote/content/marionette/interaction.sys.mjs:425:10
webdriverClickElement@chrome://remote/content/marionette/interaction.sys.mjs:173:31
1670420797339	Marionette	WARN	TimedPromise timed out after 500 ms: stacktrace:
TimedPromise/<@chrome://remote/content/marionette/sync.sys.mjs:220:24
TimedPromise@chrome://remote/content/marionette/sync.sys.mjs:205:10
interaction.flushEventLoop@chrome://remote/content/marionette/interaction.sys.mjs:425:10
webdriverClickElement@chrome://remote/content/marionette/interaction.sys.mjs:173:31
1670420798599	Marionette	WARN	TimedPromise timed out after 500 ms: stacktrace:
TimedPromise/<@chrome://remote/content/marionette/sync.sys.mjs:220:24
TimedPromise@chrome://remote/content/marionette/sync.sys.mjs:205:10
interaction.flushEventLoop@chrome://remote/content/marionette/interaction.sys.mjs:425:10
webdriverClickElement@chrome://remote/content/marionette/interaction.sys.mjs:173:31
1670420809566	Marionette	WARN	TimedPromise timed out after 500 ms: stacktrace:
TimedPromise/<@chrome://remote/content/marionette/sync.sys.mjs:220:24
TimedPromise@chrome://remote/content/marionette/sync.sys.mjs:205:10
interaction.flushEventLoop@chrome://remote/content/marionette/interaction.sys.mjs:425:10
webdriverClickElement@chrome://remote/content/marionette/interaction.sys.mjs:173:31
1670420810792	Marionette	WARN	TimedPromise timed out after 500 ms: stacktrace:
TimedPromise/<@chrome://remote/content/marionette/sync.sys.mjs:220:24
TimedPromise@chrome://remote/content/marionette/sync.sys.mjs:205:10
interaction.flushEventLoop@chrome://remote/content/marionette/interaction.sys.mjs:425:10
webdriverClickElement@chrome://remote/content/marionette/interaction.sys.mjs:173:31
1670420914029	Marionette	WARN	TimedPromise timed out after 500 ms: stacktrace:
TimedPromise/<@chrome://remote/content/marionette/sync.sys.mjs:220:24
TimedPromise@chrome://remote/content/marionette/sync.sys.mjs:205:10
interaction.flushEventLoop@chrome://remote/content/marionette/interaction.sys.mjs:425:10
webdriverClickElement@chrome://remote/content/marionette/interaction.sys.mjs:173:31
1670420925114	Marionette	WARN	TimedPromise timed out after 500 ms: stacktrace:
TimedPromise/<@chrome://remote/content/marionette/sync.sys.mjs:220:24
TimedPromise@chrome://remote/content/marionette/sync.sys.mjs:205:10
interaction.flushEventLoop@chrome://remote/content/marionette/interaction.sys.mjs:425:10
webdriverClickElement@chrome://remote/content/marionette/interaction.sys.mjs:173:31
1670420926359	Marionette	WARN	TimedPromise timed out after 500 ms: stacktrace:
TimedPromise/<@chrome://remote/content/marionette/sync.sys.mjs:220:24
TimedPromise@chrome://remote/content/marionette/sync.sys.mjs:205:10
interaction.flushEventLoop@chrome://remote/content/marionette/interaction.sys.mjs:425:10
webdriverClickElement@chrome://remote/content/marionette/interaction.sys.mjs:173:31
1670421144084	Marionette	WARN	TimedPromise timed out after 500 ms: stacktrace:
TimedPromise/<@chrome://remote/content/marionette/sync.sys.mjs:220:24
TimedPromise@chrome://remote/content/marionette/sync.sys.mjs:205:10
interaction.flushEventLoop@chrome://remote/content/marionette/interaction.sys.mjs:425:10
webdriverClickElement@chrome://remote/content/marionette/interaction.sys.mjs:173:31
1670421145335	Marionette	WARN	TimedPromise timed out after 500 ms: stacktrace:
TimedPromise/<@chrome://remote/content/marionette/sync.sys.mjs:220:24
TimedPromise@chrome://remote/content/marionette/sync.sys.mjs:205:10
interaction.flushEventLoop@chrome://remote/content/marionette/interaction.sys.mjs:425:10
webdriverClickElement@chrome://remote/content/marionette/interaction.sys.mjs:173:31
1670421173538	Marionette	WARN	TimedPromise timed out after 500 ms: stacktrace:
TimedPromise/<@chrome://remote/content/marionette/sync.sys.mjs:220:24
TimedPromise@chrome://remote/content/marionette/sync.sys.mjs:205:10
interaction.flushEventLoop@chrome://remote/content/marionette/interaction.sys.mjs:425:10
webdriverClickElement@chrome://remote/content/marionette/interaction.sys.mjs:173:31
1670421174797	Marionette	WARN	TimedPromise timed out after 500 ms: stacktrace:
TimedPromise/<@chrome://remote/content/marionette/sync.sys.mjs:220:24
TimedPromise@chrome://remote/content/marionette/sync.sys.mjs:205:10
interaction.flushEventLoop@chrome://remote/content/marionette/interaction.sys.mjs:425:10
webdriverClickElement@chrome://remote/content/marionette/interaction.sys.mjs:173:31
1670421186295	Marionette	WARN	TimedPromise timed out after 500 ms: stacktrace:
TimedPromise/<@chrome://remote/content/marionette/sync.sys.mjs:220:24
TimedPromise@chrome://remote/content/marionette/sync.sys.mjs:205:10
interaction.flushEventLoop@chrome://remote/content/marionette/interaction.sys.mjs:425:10
webdriverClickElement@chrome://remote/content/marionette/interaction.sys.mjs:173:31
1670421197824	Marionette	WARN	TimedPromise timed out after 500 ms: stacktrace:
TimedPromise/<@chrome://remote/content/marionette/sync.sys.mjs:220:24
TimedPromise@chrome://remote/content/marionette/sync.sys.mjs:205:10
interaction.flushEventLoop@chrome://remote/content/marionette/interaction.sys.mjs:425:10
webdriverClickElement@chrome://remote/content/marionette/interaction.sys.mjs:173:31
1670421199067	Marionette	WARN	TimedPromise timed out after 500 ms: stacktrace:
TimedPromise/<@chrome://remote/content/marionette/sync.sys.mjs:220:24
TimedPromise@chrome://remote/content/marionette/sync.sys.mjs:205:10
interaction.flushEventLoop@chrome://remote/content/marionette/interaction.sys.mjs:425:10
webdriverClickElement@chrome://remote/content/marionette/interaction.sys.mjs:173:31
1670421210059	Marionette	WARN	TimedPromise timed out after 500 ms: stacktrace:
TimedPromise/<@chrome://remote/content/marionette/sync.sys.mjs:220:24
TimedPromise@chrome://remote/content/marionette/sync.sys.mjs:205:10
interaction.flushEventLoop@chrome://remote/content/marionette/interaction.sys.mjs:425:10
webdriverClickElement@chrome://remote/content/marionette/interaction.sys.mjs:173:31
1670421211288	Marionette	WARN	TimedPromise timed out after 500 ms: stacktrace:
TimedPromise/<@chrome://remote/content/marionette/sync.sys.mjs:220:24
TimedPromise@chrome://remote/content/marionette/sync.sys.mjs:205:10
interaction.flushEventLoop@chrome://remote/content/marionette/interaction.sys.mjs:425:10
webdriverClickElement@chrome://remote/content/marionette/interaction.sys.mjs:173:31
1670421222682	Marionette	WARN	TimedPromise timed out after 500 ms: stacktrace:
TimedPromise/<@chrome://remote/content/marionette/sync.sys.mjs:220:24
TimedPromise@chrome://remote/content/marionette/sync.sys.mjs:205:10
interaction.flushEventLoop@chrome://remote/content/marionette/interaction.sys.mjs:425:10
webdriverClickElement@chrome://remote/content/marionette/interaction.sys.mjs:173:31
1670421234384	Marionette	WARN	TimedPromise timed out after 500 ms: stacktrace:
TimedPromise/<@chrome://remote/content/marionette/sync.sys.mjs:220:24
TimedPromise@chrome://remote/content/marionette/sync.sys.mjs:205:10
interaction.flushEventLoop@chrome://remote/content/marionette/interaction.sys.mjs:425:10
webdriverClickElement@chrome://remote/content/marionette/interaction.sys.mjs:173:31
1670421235636	Marionette	WARN	TimedPromise timed out after 500 ms: stacktrace:
TimedPromise/<@chrome://remote/content/marionette/sync.sys.mjs:220:24
TimedPromise@chrome://remote/content/marionette/sync.sys.mjs:205:10
interaction.flushEventLoop@chrome://remote/content/marionette/interaction.sys.mjs:425:10
webdriverClickElement@chrome://remote/content/marionette/interaction.sys.mjs:173:31
1670421247210	Marionette	WARN	TimedPromise timed out after 500 ms: stacktrace:
TimedPromise/<@chrome://remote/content/marionette/sync.sys.mjs:220:24
TimedPromise@chrome://remote/content/marionette/sync.sys.mjs:205:10
interaction.flushEventLoop@chrome://remote/content/marionette/interaction.sys.mjs:425:10
webdriverClickElement@chrome://remote/content/marionette/interaction.sys.mjs:173:31
1670421273187	Marionette	WARN	TimedPromise timed out after 500 ms: stacktrace:
TimedPromise/<@chrome://remote/content/marionette/sync.sys.mjs:220:24
TimedPromise@chrome://remote/content/marionette/sync.sys.mjs:205:10
interaction.flushEventLoop@chrome://remote/content/marionette/interaction.sys.mjs:425:10
webdriverClickElement@chrome://remote/content/marionette/interaction.sys.mjs:173:31
1670421273907	Marionette	WARN	TimedPromise timed out after 500 ms: stacktrace:
TimedPromise/<@chrome://remote/content/marionette/sync.sys.mjs:220:24
TimedPromise@chrome://remote/content/marionette/sync.sys.mjs:205:10
interaction.flushEventLoop@chrome://remote/content/marionette/interaction.sys.mjs:425:10
webdriverClickElement@chrome://remote/content/marionette/interaction.sys.mjs:173:31
1670421274623	Marionette	WARN	TimedPromise timed out after 500 ms: stacktrace:
TimedPromise/<@chrome://remote/content/marionette/sync.sys.mjs:220:24
TimedPromise@chrome://remote/content/marionette/sync.sys.mjs:205:10
interaction.flushEventLoop@chrome://remote/content/marionette/interaction.sys.mjs:425:10
webdriverClickElement@chrome://remote/content/marionette/interaction.sys.mjs:173:31
1670421308689	Marionette	WARN	TimedPromise timed out after 500 ms: stacktrace:
TimedPromise/<@chrome://remote/content/marionette/sync.sys.mjs:220:24
TimedPromise@chrome://remote/content/marionette/sync.sys.mjs:205:10
interaction.flushEventLoop@chrome://remote/content/marionette/interaction.sys.mjs:425:10
webdriverClickElement@chrome://remote/content/marionette/interaction.sys.mjs:173:31
1670421320267	Marionette	WARN	TimedPromise timed out after 500 ms: stacktrace:
TimedPromise/<@chrome://remote/content/marionette/sync.sys.mjs:220:24
TimedPromise@chrome://remote/content/marionette/sync.sys.mjs:205:10
interaction.flushEventLoop@chrome://remote/content/marionette/interaction.sys.mjs:425:10
webdriverClickElement@chrome://remote/content/marionette/interaction.sys.mjs:173:31
1670421321526	Marionette	WARN	TimedPromise timed out after 500 ms: stacktrace:
TimedPromise/<@chrome://remote/content/marionette/sync.sys.mjs:220:24
TimedPromise@chrome://remote/content/marionette/sync.sys.mjs:205:10
interaction.flushEventLoop@chrome://remote/content/marionette/interaction.sys.mjs:425:10
webdriverClickElement@chrome://remote/content/marionette/interaction.sys.mjs:173:31
1670421333040	Marionette	WARN	TimedPromise timed out after 500 ms: stacktrace:
TimedPromise/<@chrome://remote/content/marionette/sync.sys.mjs:220:24
TimedPromise@chrome://remote/content/marionette/sync.sys.mjs:205:10
interaction.flushEventLoop@chrome://remote/content/marionette/interaction.sys.mjs:425:10
webdriverClickElement@chrome://remote/content/marionette/interaction.sys.mjs:173:31
1670421344645	Marionette	WARN	TimedPromise timed out after 500 ms: stacktrace:
TimedPromise/<@chrome://remote/content/marionette/sync.sys.mjs:220:24
TimedPromise@chrome://remote/content/marionette/sync.sys.mjs:205:10
interaction.flushEventLoop@chrome://remote/content/marionette/interaction.sys.mjs:425:10
webdriverClickElement@chrome://remote/content/marionette/interaction.sys.mjs:173:31
1670421345887	Marionette	WARN	TimedPromise timed out after 500 ms: stacktrace:
TimedPromise/<@chrome://remote/content/marionette/sync.sys.mjs:220:24
TimedPromise@chrome://remote/content/marionette/sync.sys.mjs:205:10
interaction.flushEventLoop@chrome://remote/content/marionette/interaction.sys.mjs:425:10
webdriverClickElement@chrome://remote/content/marionette/interaction.sys.mjs:173:31
1670421356973	Marionette	WARN	TimedPromise timed out after 500 ms: stacktrace:
TimedPromise/<@chrome://remote/content/marionette/sync.sys.mjs:220:24
TimedPromise@chrome://remote/content/marionette/sync.sys.mjs:205:10
interaction.flushEventLoop@chrome://remote/content/marionette/interaction.sys.mjs:425:10
webdriverClickElement@chrome://remote/content/marionette/interaction.sys.mjs:173:31
1670421358203	Marionette	WARN	TimedPromise timed out after 500 ms: stacktrace:
TimedPromise/<@chrome://remote/content/marionette/sync.sys.mjs:220:24
TimedPromise@chrome://remote/content/marionette/sync.sys.mjs:205:10
interaction.flushEventLoop@chrome://remote/content/marionette/interaction.sys.mjs:425:10
webdriverClickElement@chrome://remote/content/marionette/interaction.sys.mjs:173:31
1670421364722	Marionette	INFO	Stopped listening on port 50153
[Parent 37192, IPC I/O Parent] WARNING: file /builds/worker/checkouts/gecko/ipc/chromium/src/base/process_util_win.cc:167
1670421418987	geckodriver	INFO	Listening on 127.0.0.1:60091
1670421422037	mozrunner::runner	INFO	Running command: "C:\\Program Files\\Mozilla Firefox\\firefox.exe" "--marionette" "--remote-debugging-port" "60092" "--remote-allow-hosts" "localhost" "-no-remote" "-profile" "C:\\Users\\gonec\\AppData\\Local\\Temp\\rust_mozprofile3BQY4l"
1670421422327	Marionette	INFO	Marionette enabled
1670421422332	Marionette	INFO	Listening on port 60101
Read port: 60101
WebDriver BiDi listening on ws://127.0.0.1:60092
1670421422416	RemoteAgent	WARN	TLS certificate errors will be ignored for this session
console.warn: SearchSettings: "get: No settings file exists, new profile?" (new NotFoundError("Could not open the file at C:\\Users\\gonec\\AppData\\Local\\Temp\\rust_mozprofile3BQY4l\\search.json.mozlz4", (void 0)))
DevTools listening on ws://127.0.0.1:60092/devtools/browser/fbaf91b2-f272-4072-8dad-f1982136b7c8
1670421551042	Marionette	INFO	Stopped listening on port 60101
console.warn: TopSitesFeed: Failed to fetch data from Contile server: NetworkError when attempting to fetch resource.
1670422135776	geckodriver	INFO	Listening on 127.0.0.1:57971
1670422138804	mozrunner::runner	INFO	Running command: "C:\\Program Files\\Mozilla Firefox\\firefox.exe" "--marionette" "--remote-debugging-port" "57972" "--remote-allow-hosts" "localhost" "-no-remote" "-profile" "C:\\Users\\gonec\\AppData\\Local\\Temp\\rust_mozprofileeXYxnf"
1670422139245	Marionette	INFO	Marionette enabled
1670422139250	Marionette	INFO	Listening on port 57981
Read port: 57981
WebDriver BiDi listening on ws://127.0.0.1:57972
1670422139339	RemoteAgent	WARN	TLS certificate errors will be ignored for this session
console.warn: SearchSettings: "get: No settings file exists, new profile?" (new NotFoundError("Could not open the file at C:\\Users\\gonec\\AppData\\Local\\Temp\\rust_mozprofileeXYxnf\\search.json.mozlz4", (void 0)))
DevTools listening on ws://127.0.0.1:57972/devtools/browser/1c042384-b993-4efd-83ec-335ded6fae61
console.warn: LoginRecipes: "Falling back to a synchronous message for: https://dream.ai."
console.error: (new TypeError("parent is null", "resource://devtools/client/inspector/shared/style-change-tracker.js", 67))
TypeError: parent is null: canMutationImpactCurrentStyles@resource://devtools/client/inspector/shared/style-change-tracker.js:67:24
onMutations@resource://devtools/client/inspector/shared/style-change-tracker.js:84:41
_emit@resource://devtools/shared/event-emitter.js:242:32
emit@resource://devtools/shared/event-emitter.js:186:18
emit@resource://devtools/shared/event-emitter.js:330:18
getMutations@resource://devtools/client/fronts/walker.js:313:10

JavaScript error: resource://gre/modules/AsyncShutdown.jsm, line 574: NotFoundError: No such JSWindowActor 'DevToolsFrame'
1670422264119	Marionette	INFO	Stopped listening on port 57981
e-debugging-port" "55945" "--remote-allow-hosts" "localhost" "-no-remote" "-profile" "C:\\Users\\gonec\\AppData\\Local\\Temp\\rust_mozprofileCiRkBZ"
1670422263655	Marionette	INFO	Marionette enabled
1670422263659	Marionette	INFO	Listening on port 55954
WebDriver BiDi listening on ws://127.0.0.1:55945
Read port: 55954
1670422263834	RemoteAgent	WARN	TLS certificate errors will be ignored for this session
console.warn: SearchSettings: "get: No settings file exists, new profile?" (new NotFoundError("Could not open the file at C:\\Users\\gonec\\AppData\\Local\\Temp\\rust_mozprofileCiRkBZ\\search.json.mozlz4", (void 0)))
DevTools listening on ws://127.0.0.1:55945/devtools/browser/8068ac03-3381-4a0f-966d-33eea51b854e
console.warn: LoginRecipes: "Falling back to a synchronous message for: https://dream.ai."
JavaScript error: resource://gre/modules/AsyncShutdown.jsm, line 574: NotFoundError: No such JSWindowActor 'DevToolsFrame'
1670422300710	Marionette	INFO	Stopped listening on port 55954
1670422307742	geckodriver	INFO	Listening on 127.0.0.1:56009
1670422310781	mozrunner::runner	INFO	Running command: "C:\\Program Files\\Mozilla Firefox\\firefox.exe" "--marionette" "--remote-debugging-port" "56010" "--remote-allow-hosts" "localhost" "-no-remote" "-profile" "C:\\Users\\gonec\\AppData\\Local\\Temp\\rust_mozprofileDHDBrA"
1670422311018	Marionette	INFO	Marionette enabled
1670422311021	Marionette	INFO	Listening on port 56019
WebDriver BiDi listening on ws://127.0.0.1:56010
Read port: 56019
1670422311191	RemoteAgent	WARN	TLS certificate errors will be ignored for this session
console.warn: SearchSettings: "get: No settings file exists, new profile?" (new NotFoundError("Could not open the file at C:\\Users\\gonec\\AppData\\Local\\Temp\\rust_mozprofileDHDBrA\\search.json.mozlz4", (void 0)))
DevTools listening on ws://127.0.0.1:56010/devtools/browser/8e7b5121-32aa-4ebf-aabe-ec896aeaa441
console.warn: LoginRecipes: "Falling back to a synchronous message for: https://dream.ai."
JavaScript error: resource://gre/modules/AsyncShutdown.jsm, line 574: NotFoundError: No such JSWindowActor 'DevToolsFrame'
1670422350941	Marionette	INFO	Stopped listening on port 56019
1670422361041	geckodriver	INFO	Listening on 127.0.0.1:56086
1670422364090	mozrunner::runner	INFO	Running command: "C:\\Program Files\\Mozilla Firefox\\firefox.exe" "--marionette" "--remote-debugging-port" "56087" "--remote-allow-hosts" "localhost" "-no-remote" "-profile" "C:\\Users\\gonec\\AppData\\Local\\Temp\\rust_mozprofileTkvAM0"
1670422364322	Marionette	INFO	Marionette enabled
1670422364325	Marionette	INFO	Listening on port 56096
WebDriver BiDi listening on ws://127.0.0.1:56087
Read port: 56096
1670422364500	RemoteAgent	WARN	TLS certificate errors will be ignored for this session
console.warn: SearchSettings: "get: No settings file exists, new profile?" (new NotFoundError("Could not open the file at C:\\Users\\gonec\\AppData\\Local\\Temp\\rust_mozprofileTkvAM0\\search.json.mozlz4", (void 0)))
DevTools listening on ws://127.0.0.1:56087/devtools/browser/636f30e1-2258-4289-a6bd-286b922f5e6d
console.warn: LoginRecipes: "Falling back to a synchronous message for: https://dream.ai."
console.error: (new TypeError("parent is null", "resource://devtools/client/inspector/shared/style-change-tracker.js", 67))
TypeError: parent is null: canMutationImpactCurrentStyles@resource://devtools/client/inspector/shared/style-change-tracker.js:67:24
onMutations@resource://devtools/client/inspector/shared/style-change-tracker.js:84:41
_emit@resource://devtools/shared/event-emitter.js:242:32
emit@resource://devtools/shared/event-emitter.js:186:18
emit@resource://devtools/shared/event-emitter.js:330:18
getMutations@resource://devtools/client/fronts/walker.js:313:10

JavaScript error: resource://gre/modules/AsyncShutdown.jsm, line 574: NotFoundError: No such JSWindowActor 'DevToolsFrame'
1670422397974	Marionette	INFO	Stopped listening on port 56096
1670422408278	geckodriver	INFO	Listening on 127.0.0.1:56146
1670422411323	mozrunner::runner	INFO	Running command: "C:\\Program Files\\Mozilla Firefox\\firefox.exe" "--marionette" "--remote-debugging-port" "56147" "--remote-allow-hosts" "localhost" "-no-remote" "-profile" "C:\\Users\\gonec\\AppData\\Local\\Temp\\rust_mozprofilevD80rC"
1670422411545	Marionette	INFO	Marionette enabled
1670422411549	Marionette	INFO	Listening on port 56156
WebDriver BiDi listening on ws://127.0.0.1:56147
Read port: 56156
1670422411725	RemoteAgent	WARN	TLS certificate errors will be ignored for this session
console.warn: SearchSettings: "get: No settings file exists, new profile?" (new NotFoundError("Could not open the file at C:\\Users\\gonec\\AppData\\Local\\Temp\\rust_mozprofilevD80rC\\search.json.mozlz4", (void 0)))
DevTools listening on ws://127.0.0.1:56147/devtools/browser/0cc1321d-a611-47dc-bd51-dd04e3b4ca31
1670422433665	Marionette	INFO	Stopped listening on port 56156
console.warn: TopSitesFeed: Failed to fetch data from Contile server: NetworkError when attempting to fetch resource.
1670422446084	geckodriver	INFO	Listening on 127.0.0.1:56208
1670422449150	mozrunner::runner	INFO	Running command: "C:\\Program Files\\Mozilla Firefox\\firefox.exe" "--marionette" "--remote-debugging-port" "56209" "--remote-allow-hosts" "localhost" "-no-remote" "-profile" "C:\\Users\\gonec\\AppData\\Local\\Temp\\rust_mozprofileEU77rx"
1670422449375	Marionette	INFO	Marionette enabled
1670422449379	Marionette	INFO	Listening on port 56219
WebDriver BiDi listening on ws://127.0.0.1:56209
Read port: 56219
1670422449555	RemoteAgent	WARN	TLS certificate errors will be ignored for this session
console.warn: SearchSettings: "get: No settings file exists, new profile?" (new NotFoundError("Could not open the file at C:\\Users\\gonec\\AppData\\Local\\Temp\\rust_mozprofileEU77rx\\search.json.mozlz4", (void 0)))
DevTools listening on ws://127.0.0.1:56209/devtools/browser/2be37a56-8508-4d6c-b427-a6908617db46
1670423603148	Marionette	INFO	Stopped listening on port 56219
console.warn: TopSitesFeed: Failed to fetch data from Contile server: NetworkError when attempting to fetch resource.
1670423644201	geckodriver	INFO	Listening on 127.0.0.1:63806
1670423647235	mozrunner::runner	INFO	Running command: "C:\\Program Files\\Mozilla Firefox\\firefox.exe" "--marionette" "--remote-debugging-port" "63807" "--remote-allow-hosts" "localhost" "-no-remote" "-profile" "C:\\Users\\gonec\\AppData\\Local\\Temp\\rust_mozprofilegQY2kR"
1670423647498	Marionette	INFO	Marionette enabled
1670423647502	Marionette	INFO	Listening on port 63816
WebDriver BiDi listening on ws://127.0.0.1:63807
Read port: 63816
1670423647690	RemoteAgent	WARN	TLS certificate errors will be ignored for this session
console.warn: SearchSettings: "get: No settings file exists, new profile?" (new NotFoundError("Could not open the file at C:\\Users\\gonec\\AppData\\Local\\Temp\\rust_mozprofilegQY2kR\\search.json.mozlz4", (void 0)))
DevTools listening on ws://127.0.0.1:63807/devtools/browser/6e084061-5283-4b24-a388-3c2f3db7e05a
1670423752208	Marionette	WARN	TimedPromise timed out after 500 ms: stacktrace:
TimedPromise/<@chrome://remote/content/marionette/sync.sys.mjs:220:24
TimedPromise@chrome://remote/content/marionette/sync.sys.mjs:205:10
interaction.flushEventLoop@chrome://remote/content/marionette/interaction.sys.mjs:425:10
webdriverClickElement@chrome://remote/content/marionette/interaction.sys.mjs:173:31
1670423753440	Marionette	WARN	TimedPromise timed out after 500 ms: stacktrace:
TimedPromise/<@chrome://remote/content/marionette/sync.sys.mjs:220:24
TimedPromise@chrome://remote/content/marionette/sync.sys.mjs:205:10
interaction.flushEventLoop@chrome://remote/content/marionette/interaction.sys.mjs:425:10
webdriverClickElement@chrome://remote/content/marionette/interaction.sys.mjs:173:31
1670423764418	Marionette	WARN	TimedPromise timed out after 500 ms: stacktrace:
TimedPromise/<@chrome://remote/content/marionette/sync.sys.mjs:220:24
TimedPromise@chrome://remote/content/marionette/sync.sys.mjs:205:10
interaction.flushEventLoop@chrome://remote/content/marionette/interaction.sys.mjs:425:10
webdriverClickElement@chrome://remote/content/marionette/interaction.sys.mjs:173:31
1670423765652	Marionette	WARN	TimedPromise timed out after 500 ms: stacktrace:
TimedPromise/<@chrome://remote/content/marionette/sync.sys.mjs:220:24
TimedPromise@chrome://remote/content/marionette/sync.sys.mjs:205:10
interaction.flushEventLoop@chrome://remote/content/marionette/interaction.sys.mjs:425:10
webdriverClickElement@chrome://remote/content/marionette/interaction.sys.mjs:173:31
1670423776674	Marionette	WARN	TimedPromise timed out after 500 ms: stacktrace:
TimedPromise/<@chrome://remote/content/marionette/sync.sys.mjs:220:24
TimedPromise@chrome://remote/content/marionette/sync.sys.mjs:205:10
interaction.flushEventLoop@chrome://remote/content/marionette/interaction.sys.mjs:425:10
webdriverClickElement@chrome://remote/content/marionette/interaction.sys.mjs:173:31
1670423777928	Marionette	WARN	TimedPromise timed out after 500 ms: stacktrace:
TimedPromise/<@chrome://remote/content/marionette/sync.sys.mjs:220:24
TimedPromise@chrome://remote/content/marionette/sync.sys.mjs:205:10
interaction.flushEventLoop@chrome://remote/content/marionette/interaction.sys.mjs:425:10
webdriverClickElement@chrome://remote/content/marionette/interaction.sys.mjs:173:31
1670423789178	Marionette	WARN	TimedPromise timed out after 500 ms: stacktrace:
TimedPromise/<@chrome://remote/content/marionette/sync.sys.mjs:220:24
TimedPromise@chrome://remote/content/marionette/sync.sys.mjs:205:10
interaction.flushEventLoop@chrome://remote/content/marionette/interaction.sys.mjs:425:10
webdriverClickElement@chrome://remote/content/marionette/interaction.sys.mjs:173:31
1670423790409	Marionette	WARN	TimedPromise timed out after 500 ms: stacktrace:
TimedPromise/<@chrome://remote/content/marionette/sync.sys.mjs:220:24
TimedPromise@chrome://remote/content/marionette/sync.sys.mjs:205:10
interaction.flushEventLoop@chrome://remote/content/marionette/interaction.sys.mjs:425:10
webdriverClickElement@chrome://remote/content/marionette/interaction.sys.mjs:173:31
1670423801510	Marionette	WARN	TimedPromise timed out after 500 ms: stacktrace:
TimedPromise/<@chrome://remote/content/marionette/sync.sys.mjs:220:24
TimedPromise@chrome://remote/content/marionette/sync.sys.mjs:205:10
interaction.flushEventLoop@chrome://remote/content/marionette/interaction.sys.mjs:425:10
webdriverClickElement@chrome://remote/content/marionette/interaction.sys.mjs:173:31
1670423802744	Marionette	WARN	TimedPromise timed out after 500 ms: stacktrace:
TimedPromise/<@chrome://remote/content/marionette/sync.sys.mjs:220:24
TimedPromise@chrome://remote/content/marionette/sync.sys.mjs:205:10
interaction.flushEventLoop@chrome://remote/content/marionette/interaction.sys.mjs:425:10
webdriverClickElement@chrome://remote/content/marionette/interaction.sys.mjs:173:31
1670423814267	Marionette	WARN	TimedPromise timed out after 500 ms: stacktrace:
TimedPromise/<@chrome://remote/content/marionette/sync.sys.mjs:220:24
TimedPromise@chrome://remote/content/marionette/sync.sys.mjs:205:10
interaction.flushEventLoop@chrome://remote/content/marionette/interaction.sys.mjs:425:10
webdriverClickElement@chrome://remote/content/marionette/interaction.sys.mjs:173:31
1670424653419	Marionette	INFO	Stopped listening on port 63816
console.warn: TopSitesFeed: Failed to fetch data from Contile server: NetworkError when attempting to fetch resource.
